2021-06-03T02:18:49+00:00 CRITICAL Uncaught Error: Unknown named parameter $tasks_meta_id in C:\xampp\htdocs\laurashop\wp-includes\class-wp-hook.php:292
Stack trace:
#0 C:\xampp\htdocs\laurashop\wp-includes\class-wp-hook.php(316): WP_Hook->apply_filters('', Array)
#1 C:\xampp\htdocs\laurashop\wp-includes\plugin.php(551): WP_Hook->do_action(Array)
#2 C:\xampp\htdocs\laurashop\wp-content\plugins\woocommerce\packages\action-scheduler\classes\actions\ActionScheduler_Action.php(22): do_action_ref_array('wpforms_process...', Array)
#3 C:\xampp\htdocs\laurashop\wp-content\plugins\woocommerce\packages\action-scheduler\classes\abstracts\ActionScheduler_Abstract_QueueRunner.php(65): ActionScheduler_Action->execute()
#4 C:\xampp\htdocs\laurashop\wp-content\plugins\woocommerce\packages\action-scheduler\classes\ActionScheduler_QueueRunner.php(162): ActionScheduler_Abstract_QueueRunner->process_action(421, 'WP Cron')
#5 C:\xampp\htdocs\laurashop\wp-content\plugins\woocommerce\packages\action-scheduler\classes\ActionScheduler_QueueRunner.php(132): ActionScheduler_QueueRunner->do_batch(25, 'WP Cron')
#6 C:\xampp\htdocs\laurashop\wp-includes\class-wp-hook.php(292): ActionScheduler_QueueRunner->run('WP Cron')
#7 C:\xampp\htdocs\laurashop\wp-includes\class-wp-hook.php(316): WP_Hook->apply_filters('', Array)
#8 C:\xampp\htdocs\laurashop\wp-includes\plugin.php(551): WP_Hook->do_action(Array)
#9 C:\xampp\htdocs\laurashop\wp-cron.php(138): do_action_ref_array('action_schedule...', Array)
#10 {main}
  thrown dans C:\xampp\htdocs\laurashop\wp-includes\class-wp-hook.php à la ligne 292

2021-06-03T02:18:54+00:00 CRITICAL Uncaught Error: Unknown named parameter $tasks_meta_id in C:\xampp\htdocs\laurashop\wp-includes\class-wp-hook.php:292
Stack trace:
#0 C:\xampp\htdocs\laurashop\wp-includes\class-wp-hook.php(316): WP_Hook->apply_filters('', Array)
#1 C:\xampp\htdocs\laurashop\wp-includes\plugin.php(551): WP_Hook->do_action(Array)
#2 C:\xampp\htdocs\laurashop\wp-content\plugins\woocommerce\packages\action-scheduler\classes\actions\ActionScheduler_Action.php(22): do_action_ref_array('wpforms_process...', Array)
#3 C:\xampp\htdocs\laurashop\wp-content\plugins\woocommerce\packages\action-scheduler\classes\abstracts\ActionScheduler_Abstract_QueueRunner.php(65): ActionScheduler_Action->execute()
#4 C:\xampp\htdocs\laurashop\wp-content\plugins\woocommerce\packages\action-scheduler\classes\ActionScheduler_QueueRunner.php(162): ActionScheduler_Abstract_QueueRunner->process_action(422, 'Async Request')
#5 C:\xampp\htdocs\laurashop\wp-content\plugins\woocommerce\packages\action-scheduler\classes\ActionScheduler_QueueRunner.php(132): ActionScheduler_QueueRunner->do_batch(25, 'Async Request')
#6 C:\xampp\htdocs\laurashop\wp-includes\class-wp-hook.php(292): ActionScheduler_QueueRunner->run('Async Request')
#7 C:\xampp\htdocs\laurashop\wp-includes\class-wp-hook.php(316): WP_Hook->apply_filters('', Array)
#8 C:\xampp\htdocs\laurashop\wp-includes\plugin.php(484): WP_Hook->do_action(Array)
#9 C:\xampp\htdocs\laurashop\wp-content\plugins\woocommerce\packages\action-scheduler\classes\ActionScheduler_AsyncRequest_QueueRunner.php(52): do_action('action_schedule...', 'Async Request')
#10 C:\xampp\htdocs\laurashop\wp-content\plugins\woocommerce\includes\libraries\wp-async-request.php(147): ActionScheduler_AsyncRequest_QueueRunner->handle()
#11 C:\xampp\htdocs\laurashop\wp-includes\class-wp-hook.php(292): WP_Async_Request->maybe_handle('')
#12 C:\xampp\htdocs\laurashop\wp-includes\class-wp-hook.php(316): WP_Hook->apply_filters('', Array)
#13 C:\xampp\htdocs\laurashop\wp-includes\plugin.php(484): WP_Hook->do_action(Array)
#14 C:\xampp\htdocs\laurashop\wp-admin\admin-ajax.php(202): do_action('wp_ajax_nopriv_...')
#15 {main}
  thrown dans C:\xampp\htdocs\laurashop\wp-includes\class-wp-hook.php à la ligne 292

2021-06-03T02:21:03+00:00 CRITICAL Uncaught Error: Object of class stdClass could not be converted to string in C:\xampp\htdocs\laurashop\wp-content\plugins\woocommerce\includes\emails\class-wc-email.php:310
Stack trace:
#0 C:\xampp\htdocs\laurashop\wp-content\plugins\woocommerce\includes\emails\class-wc-email.php(310): str_replace(Array, Array, Array)
#1 C:\xampp\htdocs\laurashop\wp-content\plugins\woocommerce\packages\woocommerce-admin\src\Notes\MerchantEmailNotifications\NotificationEmail.php(138): WC_Email->format_string(Array)
#2 C:\xampp\htdocs\laurashop\wp-content\plugins\woocommerce\includes\emails\class-wc-email.php(541): Automattic\WooCommerce\Admin\Notes\MerchantEmailNotifications\NotificationEmail->get_content_html()
#3 C:\xampp\htdocs\laurashop\wp-content\plugins\woocommerce\packages\woocommerce-admin\src\Notes\MerchantEmailNotifications\NotificationEmail.php(202): WC_Email->get_content()
#4 C:\xampp\htdocs\laurashop\wp-content\plugins\woocommerce\packages\woocommerce-admin\src\Notes\MerchantEmailNotifications\MerchantEmailNotifications.php(102): Automattic\WooCommerce\Admin\Notes\MerchantEmailNotifications\NotificationEmail->trigger('yidjabazie@gmai...', 'lauraadmin2.0')
#5 C:\xampp\htdocs\laurashop\wp-content\plugins\woocommerce\packages\woocommerce-admin\src\Notes\MerchantEmailNotifications\MerchantEmailNotifications.php(82): Automattic\WooCommerce\Admin\Notes\MerchantEmailNotifications\MerchantEmailNotifications::send_merchant_notification(Object(Automattic\WooCommerce\Admin\Notes\Note))
#6 C:\xampp\htdocs\laurashop\wp-content\plugins\woocommerce\packages\woocommerce-admin\src\Events.php(105): Automattic\WooCommerce\Admin\Notes\MerchantEmailNotifications\MerchantEmailNotifications::run()
#7 C:\xampp\htdocs\laurashop\wp-includes\class-wp-hook.php(292): Automattic\WooCommerce\Admin\Events->do_wc_admin_daily()
#8 C:\xampp\htdocs\laurashop\wp-includes\class-wp-hook.php(316): WP_Hook->apply_filters('', Array)
#9 C:\xampp\htdocs\laurashop\wp-includes\plugin.php(551): WP_Hook->do_action(Array)
#10 C:\xampp\htdocs\laurashop\wp-cron.php(138): do_action_ref_array('wc_admin_daily', Array)
#11 {main}
  thrown dans C:\xampp\htdocs\laurashop\wp-content\plugins\woocommerce\includes\emails\class-wc-email.php à la ligne 310

